host1 | UNREACHABLE! => {
    "changed": false, 
    "msg": "Failed to connect to the host via ssh: ssh: Could not resolve hostname host1: Temporary failure in name resolution", 
    "unreachable": true
}
host | SUCCESS => {
    "ansible_facts": {
        "ansible_all_ipv4_addresses": [
            "172.25.22.139", 
            "10.0.2.15"
        ], 
        "ansible_all_ipv6_addresses": [
            "fe80::a00:27ff:fe24:bc5e", 
            "fe80::a00:27ff:fe77:1e4c"
        ], 
        "ansible_apparmor": {
            "status": "enabled"
        }, 
        "ansible_architecture": "i386", 
        "ansible_bios_date": "12/01/2006", 
        "ansible_bios_version": "VirtualBox", 
        "ansible_cmdline": {
            "BOOT_IMAGE": "/vmlinuz-4.4.0-150-generic", 
            "ro": true, 
            "root": "/dev/mapper/host1--vg-root"
        }, 
        "ansible_date_time": {
            "date": "2019-06-11", 
            "day": "11", 
            "epoch": "1560263452", 
            "hour": "16", 
            "iso8601": "2019-06-11T14:30:52Z", 
            "iso8601_basic": "20190611T163052250590", 
            "iso8601_basic_short": "20190611T163052", 
            "iso8601_micro": "2019-06-11T14:30:52.250694Z", 
            "minute": "30", 
            "month": "06", 
            "second": "52", 
            "time": "16:30:52", 
            "tz": "CEST", 
            "tz_offset": "+0200", 
            "weekday": "Tuesday", 
            "weekday_number": "2", 
            "weeknumber": "23", 
            "year": "2019"
        }, 
        "ansible_default_ipv4": {
            "address": "10.0.2.15", 
            "alias": "enp0s3", 
            "broadcast": "10.0.2.255", 
            "gateway": "10.0.2.2", 
            "interface": "enp0s3", 
            "macaddress": "08:00:27:77:1e:4c", 
            "mtu": 1500, 
            "netmask": "255.255.255.0", 
            "network": "10.0.2.0", 
            "type": "ether"
        }, 
        "ansible_default_ipv6": {}, 
        "ansible_device_links": {
            "ids": {
                "dm-0": [
                    "dm-name-host1--vg-root", 
                    "dm-uuid-LVM-6cwkt5ssc2GMaf71pvzC0YTc81Qx3E0vwpl72LKdloRVo6Yst0JrQ6NEIPt3Agna"
                ], 
                "dm-1": [
                    "dm-name-host1--vg-swap_1", 
                    "dm-uuid-LVM-6cwkt5ssc2GMaf71pvzC0YTc81Qx3E0v2NMXuTHQPLk3TLwIZaVRPUM1QwqbxyBA"
                ], 
                "sda": [
                    "ata-VBOX_HARDDISK_VBc6539669-adc4f951"
                ], 
                "sda1": [
                    "ata-VBOX_HARDDISK_VBc6539669-adc4f951-part1"
                ], 
                "sda2": [
                    "ata-VBOX_HARDDISK_VBc6539669-adc4f951-part2"
                ], 
                "sda5": [
                    "ata-VBOX_HARDDISK_VBc6539669-adc4f951-part5", 
                    "lvm-pv-uuid-ZOxwsU-r05j-aJIu-gmJq-QfxZ-zH8I-RHLhN2"
                ], 
                "sr0": [
                    "ata-VBOX_CD-ROM_VB2-01700376"
                ]
            }, 
            "labels": {}, 
            "masters": {
                "sda5": [
                    "dm-0", 
                    "dm-1"
                ]
            }, 
            "uuids": {
                "dm-0": [
                    "c348a38f-0b18-4443-a6ff-5b963b8d60ed"
                ], 
                "dm-1": [
                    "09384b6a-fb78-4705-bdff-62708e2e2c52"
                ], 
                "sda1": [
                    "f55d9179-ca89-4d8b-88a7-1fed78361a2c"
                ]
            }
        }, 
        "ansible_devices": {
            "dm-0": {
                "holders": [], 
                "host": "", 
                "links": {
                    "ids": [
                        "dm-name-host1--vg-root", 
                        "dm-uuid-LVM-6cwkt5ssc2GMaf71pvzC0YTc81Qx3E0vwpl72LKdloRVo6Yst0JrQ6NEIPt3Agna"
                    ], 
                    "labels": [], 
                    "masters": [], 
                    "uuids": [
                        "c348a38f-0b18-4443-a6ff-5b963b8d60ed"
                    ]
                }, 
                "model": null, 
                "partitions": {}, 
                "removable": "0", 
                "rotational": "1", 
                "sas_address": null, 
                "sas_device_handle": null, 
                "scheduler_mode": "", 
                "sectors": "17457152", 
                "sectorsize": "512", 
                "size": "8.32 GB", 
                "support_discard": "0", 
                "vendor": null, 
                "virtual": 1
            }, 
            "dm-1": {
                "holders": [], 
                "host": "", 
                "links": {
                    "ids": [
                        "dm-name-host1--vg-swap_1", 
                        "dm-uuid-LVM-6cwkt5ssc2GMaf71pvzC0YTc81Qx3E0v2NMXuTHQPLk3TLwIZaVRPUM1QwqbxyBA"
                    ], 
                    "labels": [], 
                    "masters": [], 
                    "uuids": [
                        "09384b6a-fb78-4705-bdff-62708e2e2c52"
                    ]
                }, 
                "model": null, 
                "partitions": {}, 
                "removable": "0", 
                "rotational": "1", 
                "sas_address": null, 
                "sas_device_handle": null, 
                "scheduler_mode": "", 
                "sectors": "2007040", 
                "sectorsize": "512", 
                "size": "980.00 MB", 
                "support_discard": "0", 
                "vendor": null, 
                "virtual": 1
            }, 
            "loop0": {
                "holders": [], 
                "host": "", 
                "links": {
                    "ids": [], 
                    "labels": [], 
                    "masters": [], 
                    "uuids": []
                }, 
                "model": null, 
                "partitions": {}, 
                "removable": "0", 
                "rotational": "1", 
                "sas_address": null, 
                "sas_device_handle": null, 
                "scheduler_mode": "", 
                "sectors": "0", 
                "sectorsize": "512", 
                "size": "0.00 Bytes", 
                "support_discard": "4096", 
                "vendor": null, 
                "virtual": 1
            }, 
            "loop1": {
                "holders": [], 
                "host": "", 
                "links": {
                    "ids": [], 
                    "labels": [], 
                    "masters": [], 
                    "uuids": []
                }, 
                "model": null, 
                "partitions": {}, 
                "removable": "0", 
                "rotational": "1", 
                "sas_address": null, 
                "sas_device_handle": null, 
                "scheduler_mode": "", 
                "sectors": "0", 
                "sectorsize": "512", 
                "size": "0.00 Bytes", 
                "support_discard": "0", 
                "vendor": null, 
                "virtual": 1
            }, 
            "loop2": {
                "holders": [], 
                "host": "", 
                "links": {
                    "ids": [], 
                    "labels": [], 
                    "masters": [], 
                    "uuids": []
                }, 
                "model": null, 
                "partitions": {}, 
                "removable": "0", 
                "rotational": "1", 
                "sas_address": null, 
                "sas_device_handle": null, 
                "scheduler_mode": "", 
                "sectors": "0", 
                "sectorsize": "512", 
                "size": "0.00 Bytes", 
                "support_discard": "0", 
                "vendor": null, 
                "virtual": 1
            }, 
            "loop3": {
                "holders": [], 
                "host": "", 
                "links": {
                    "ids": [], 
                    "labels": [], 
                    "masters": [], 
                    "uuids": []
                }, 
                "model": null, 
                "partitions": {}, 
                "removable": "0", 
                "rotational": "1", 
                "sas_address": null, 
                "sas_device_handle": null, 
                "scheduler_mode": "", 
                "sectors": "0", 
                "sectorsize": "512", 
                "size": "0.00 Bytes", 
                "support_discard": "0", 
                "vendor": null, 
                "virtual": 1
            }, 
            "loop4": {
                "holders": [], 
                "host": "", 
                "links": {
                    "ids": [], 
                    "labels": [], 
                    "masters": [], 
                    "uuids": []
                }, 
                "model": null, 
                "partitions": {}, 
                "removable": "0", 
                "rotational": "1", 
                "sas_address": null, 
                "sas_device_handle": null, 
                "scheduler_mode": "", 
                "sectors": "0", 
                "sectorsize": "512", 
                "size": "0.00 Bytes", 
                "support_discard": "0", 
                "vendor": null, 
                "virtual": 1
            }, 
            "loop5": {
                "holders": [], 
                "host": "", 
                "links": {
                    "ids": [], 
                    "labels": [], 
                    "masters": [], 
                    "uuids": []
                }, 
                "model": null, 
                "partitions": {}, 
                "removable": "0", 
                "rotational": "1", 
                "sas_address": null, 
                "sas_device_handle": null, 
                "scheduler_mode": "", 
                "sectors": "0", 
                "sectorsize": "512", 
                "size": "0.00 Bytes", 
                "support_discard": "0", 
                "vendor": null, 
                "virtual": 1
            }, 
            "loop6": {
                "holders": [], 
                "host": "", 
                "links": {
                    "ids": [], 
                    "labels": [], 
                    "masters": [], 
                    "uuids": []
                }, 
                "model": null, 
                "partitions": {}, 
                "removable": "0", 
                "rotational": "1", 
                "sas_address": null, 
                "sas_device_handle": null, 
                "scheduler_mode": "", 
                "sectors": "0", 
                "sectorsize": "512", 
                "size": "0.00 Bytes", 
                "support_discard": "0", 
                "vendor": null, 
                "virtual": 1
            }, 
            "loop7": {
                "holders": [], 
                "host": "", 
                "links": {
                    "ids": [], 
                    "labels": [], 
                    "masters": [], 
                    "uuids": []
                }, 
                "model": null, 
                "partitions": {}, 
                "removable": "0", 
                "rotational": "1", 
                "sas_address": null, 
                "sas_device_handle": null, 
                "scheduler_mode": "", 
                "sectors": "0", 
                "sectorsize": "512", 
                "size": "0.00 Bytes", 
                "support_discard": "0", 
                "vendor": null, 
                "virtual": 1
            }, 
            "sda": {
                "holders": [], 
                "host": "SATA controller: Intel Corporation 82801HM/HEM (ICH8M/ICH8M-E) SATA Controller [AHCI mode] (rev 02)", 
                "links": {
                    "ids": [
                        "ata-VBOX_HARDDISK_VBc6539669-adc4f951"
                    ], 
                    "labels": [], 
                    "masters": [], 
                    "uuids": []
                }, 
                "model": "VBOX HARDDISK", 
                "partitions": {
                    "sda1": {
                        "holders": [], 
                        "links": {
                            "ids": [
                                "ata-VBOX_HARDDISK_VBc6539669-adc4f951-part1"
                            ], 
                            "labels": [], 
                            "masters": [], 
                            "uuids": [
                                "f55d9179-ca89-4d8b-88a7-1fed78361a2c"
                            ]
                        }, 
                        "sectors": "1497088", 
                        "sectorsize": 512, 
                        "size": "731.00 MB", 
                        "start": "2048", 
                        "uuid": "f55d9179-ca89-4d8b-88a7-1fed78361a2c"
                    }, 
                    "sda2": {
                        "holders": [], 
                        "links": {
                            "ids": [
                                "ata-VBOX_HARDDISK_VBc6539669-adc4f951-part2"
                            ], 
                            "labels": [], 
                            "masters": [], 
                            "uuids": []
                        }, 
                        "sectors": "2", 
                        "sectorsize": 512, 
                        "size": "1.00 KB", 
                        "start": "1501182", 
                        "uuid": null
                    }, 
                    "sda5": {
                        "holders": [
                            "host1--vg-root", 
                            "host1--vg-swap_1"
                        ], 
                        "links": {
                            "ids": [
                                "ata-VBOX_HARDDISK_VBc6539669-adc4f951-part5", 
                                "lvm-pv-uuid-ZOxwsU-r05j-aJIu-gmJq-QfxZ-zH8I-RHLhN2"
                            ], 
                            "labels": [], 
                            "masters": [
                                "dm-0", 
                                "dm-1"
                            ], 
                            "uuids": []
                        }, 
                        "sectors": "19468288", 
                        "sectorsize": 512, 
                        "size": "9.28 GB", 
                        "start": "1501184", 
                        "uuid": null
                    }
                }, 
                "removable": "0", 
                "rotational": "1", 
                "sas_address": null, 
                "sas_device_handle": null, 
                "scheduler_mode": "deadline", 
                "sectors": "20971520", 
                "sectorsize": "512", 
                "size": "10.00 GB", 
                "support_discard": "0", 
                "vendor": "ATA", 
                "virtual": 1
            }, 
            "sr0": {
                "holders": [], 
                "host": "IDE interface: Intel Corporation 82371AB/EB/MB PIIX4 IDE (rev 01)", 
                "links": {
                    "ids": [
                        "ata-VBOX_CD-ROM_VB2-01700376"
                    ], 
                    "labels": [], 
                    "masters": [], 
                    "uuids": []
                }, 
                "model": "CD-ROM", 
                "partitions": {}, 
                "removable": "1", 
                "rotational": "1", 
                "sas_address": null, 
                "sas_device_handle": null, 
                "scheduler_mode": "deadline", 
                "sectors": "2097151", 
                "sectorsize": "512", 
                "size": "1024.00 MB", 
                "support_discard": "0", 
                "vendor": "VBOX", 
                "virtual": 1
            }
        }, 
        "ansible_distribution": "Ubuntu", 
        "ansible_distribution_file_parsed": true, 
        "ansible_distribution_file_path": "/etc/os-release", 
        "ansible_distribution_file_variety": "Debian", 
        "ansible_distribution_major_version": "16", 
        "ansible_distribution_release": "xenial", 
        "ansible_distribution_version": "16.04", 
        "ansible_dns": {
            "nameservers": [
                "213.94.83.90", 
                "213.94.83.91"
            ], 
            "search": [
                "at-work.local"
            ]
        }, 
        "ansible_domain": "", 
        "ansible_effective_group_id": 1000, 
        "ansible_effective_user_id": 1000, 
        "ansible_enp0s3": {
            "active": true, 
            "device": "enp0s3", 
            "features": {
                "busy_poll": "off [fixed]", 
                "fcoe_mtu": "off [fixed]", 
                "generic_receive_offload": "on", 
                "generic_segmentation_offload": "on", 
                "highdma": "off [fixed]", 
                "hw_tc_offload": "off [fixed]", 
                "l2_fwd_offload": "off [fixed]", 
                "large_receive_offload": "off [fixed]", 
                "loopback": "off [fixed]", 
                "netns_local": "off [fixed]", 
                "ntuple_filters": "off [fixed]", 
                "receive_hashing": "off [fixed]", 
                "rx_all": "off", 
                "rx_checksumming": "off", 
                "rx_fcs": "off", 
                "rx_vlan_filter": "on [fixed]", 
                "rx_vlan_offload": "on", 
                "rx_vlan_stag_filter": "off [fixed]", 
                "rx_vlan_stag_hw_parse": "off [fixed]", 
                "scatter_gather": "on", 
                "tcp_segmentation_offload": "on", 
                "tx_checksum_fcoe_crc": "off [fixed]", 
                "tx_checksum_ip_generic": "on", 
                "tx_checksum_ipv4": "off [fixed]", 
                "tx_checksum_ipv6": "off [fixed]", 
                "tx_checksum_sctp": "off [fixed]", 
                "tx_checksumming": "on", 
                "tx_fcoe_segmentation": "off [fixed]", 
                "tx_gre_segmentation": "off [fixed]", 
                "tx_gso_robust": "off [fixed]", 
                "tx_ipip_segmentation": "off [fixed]", 
                "tx_lockless": "off [fixed]", 
                "tx_nocache_copy": "off", 
                "tx_scatter_gather": "on", 
                "tx_scatter_gather_fraglist": "off [fixed]", 
                "tx_sit_segmentation": "off [fixed]", 
                "tx_tcp6_segmentation": "off [fixed]", 
                "tx_tcp_ecn_segmentation": "off [fixed]", 
                "tx_tcp_segmentation": "on", 
                "tx_udp_tnl_segmentation": "off [fixed]", 
                "tx_vlan_offload": "on [fixed]", 
                "tx_vlan_stag_hw_insert": "off [fixed]", 
                "udp_fragmentation_offload": "off [fixed]", 
                "vlan_challenged": "off [fixed]"
            }, 
            "hw_timestamp_filters": [], 
            "ipv4": {
                "address": "10.0.2.15", 
                "broadcast": "10.0.2.255", 
                "netmask": "255.255.255.0", 
                "network": "10.0.2.0"
            }, 
            "ipv6": [
                {
                    "address": "fe80::a00:27ff:fe77:1e4c", 
                    "prefix": "64", 
                    "scope": "link"
                }
            ], 
            "macaddress": "08:00:27:77:1e:4c", 
            "module": "e1000", 
            "mtu": 1500, 
            "pciid": "0000:00:03.0", 
            "promisc": false, 
            "speed": 1000, 
            "timestamping": [
                "tx_software", 
                "rx_software", 
                "software"
            ], 
            "type": "ether"
        }, 
        "ansible_enp0s8": {
            "active": true, 
            "device": "enp0s8", 
            "features": {
                "busy_poll": "off [fixed]", 
                "fcoe_mtu": "off [fixed]", 
                "generic_receive_offload": "on", 
                "generic_segmentation_offload": "on", 
                "highdma": "off [fixed]", 
                "hw_tc_offload": "off [fixed]", 
                "l2_fwd_offload": "off [fixed]", 
                "large_receive_offload": "off [fixed]", 
                "loopback": "off [fixed]", 
                "netns_local": "off [fixed]", 
                "ntuple_filters": "off [fixed]", 
                "receive_hashing": "off [fixed]", 
                "rx_all": "off", 
                "rx_checksumming": "off", 
                "rx_fcs": "off", 
                "rx_vlan_filter": "on [fixed]", 
                "rx_vlan_offload": "on", 
                "rx_vlan_stag_filter": "off [fixed]", 
                "rx_vlan_stag_hw_parse": "off [fixed]", 
                "scatter_gather": "on", 
                "tcp_segmentation_offload": "on", 
                "tx_checksum_fcoe_crc": "off [fixed]", 
                "tx_checksum_ip_generic": "on", 
                "tx_checksum_ipv4": "off [fixed]", 
                "tx_checksum_ipv6": "off [fixed]", 
                "tx_checksum_sctp": "off [fixed]", 
                "tx_checksumming": "on", 
                "tx_fcoe_segmentation": "off [fixed]", 
                "tx_gre_segmentation": "off [fixed]", 
                "tx_gso_robust": "off [fixed]", 
                "tx_ipip_segmentation": "off [fixed]", 
                "tx_lockless": "off [fixed]", 
                "tx_nocache_copy": "off", 
                "tx_scatter_gather": "on", 
                "tx_scatter_gather_fraglist": "off [fixed]", 
                "tx_sit_segmentation": "off [fixed]", 
                "tx_tcp6_segmentation": "off [fixed]", 
                "tx_tcp_ecn_segmentation": "off [fixed]", 
                "tx_tcp_segmentation": "on", 
                "tx_udp_tnl_segmentation": "off [fixed]", 
                "tx_vlan_offload": "on [fixed]", 
                "tx_vlan_stag_hw_insert": "off [fixed]", 
                "udp_fragmentation_offload": "off [fixed]", 
                "vlan_challenged": "off [fixed]"
            }, 
            "hw_timestamp_filters": [], 
            "ipv4": {
                "address": "172.25.22.139", 
                "broadcast": "172.25.22.255", 
                "netmask": "255.255.255.0", 
                "network": "172.25.22.0"
            }, 
            "ipv6": [
                {
                    "address": "fe80::a00:27ff:fe24:bc5e", 
                    "prefix": "64", 
                    "scope": "link"
                }
            ], 
            "macaddress": "08:00:27:24:bc:5e", 
            "module": "e1000", 
            "mtu": 1500, 
            "pciid": "0000:00:08.0", 
            "promisc": false, 
            "speed": 1000, 
            "timestamping": [
                "tx_software", 
                "rx_software", 
                "software"
            ], 
            "type": "ether"
        }, 
        "ansible_env": {
            "HOME": "/home/midu", 
            "LANG": "en_US.UTF-8", 
            "LOGNAME": "midu", 
            "MAIL": "/var/mail/midu", 
            "PATH": "/usr/local/sbin:/usr/local/bin:/usr/sbin:/usr/bin:/sbin:/bin:/usr/games:/usr/local/games", 
            "PWD": "/home/midu", 
            "SHELL": "/bin/bash", 
            "SHLVL": "1", 
            "SSH_CLIENT": "172.25.22.165 39776 22", 
            "SSH_CONNECTION": "172.25.22.165 39776 172.25.22.139 22", 
            "SSH_TTY": "/dev/pts/0", 
            "TERM": "linux", 
            "USER": "midu", 
            "XDG_RUNTIME_DIR": "/run/user/1000", 
            "XDG_SESSION_ID": "4", 
            "_": "/bin/sh"
        }, 
        "ansible_fibre_channel_wwn": [], 
        "ansible_fips": false, 
        "ansible_form_factor": "Other", 
        "ansible_fqdn": "host1", 
        "ansible_hostname": "host1", 
        "ansible_hostnqn": "", 
        "ansible_interfaces": [
            "enp0s3", 
            "lo", 
            "enp0s8"
        ], 
        "ansible_is_chroot": false, 
        "ansible_iscsi_iqn": "", 
        "ansible_kernel": "4.4.0-150-generic", 
        "ansible_lo": {
            "active": true, 
            "device": "lo", 
            "features": {
                "busy_poll": "off [fixed]", 
                "fcoe_mtu": "off [fixed]", 
                "generic_receive_offload": "on", 
                "generic_segmentation_offload": "on", 
                "highdma": "on [fixed]", 
                "hw_tc_offload": "off [fixed]", 
                "l2_fwd_offload": "off [fixed]", 
                "large_receive_offload": "off [fixed]", 
                "loopback": "on [fixed]", 
                "netns_local": "on [fixed]", 
                "ntuple_filters": "off [fixed]", 
                "receive_hashing": "off [fixed]", 
                "rx_all": "off [fixed]", 
                "rx_checksumming": "on [fixed]", 
                "rx_fcs": "off [fixed]", 
                "rx_vlan_filter": "off [fixed]", 
                "rx_vlan_offload": "off [fixed]", 
                "rx_vlan_stag_filter": "off [fixed]", 
                "rx_vlan_stag_hw_parse": "off [fixed]", 
                "scatter_gather": "on", 
                "tcp_segmentation_offload": "on", 
                "tx_checksum_fcoe_crc": "off [fixed]", 
                "tx_checksum_ip_generic": "on [fixed]", 
                "tx_checksum_ipv4": "off [fixed]", 
                "tx_checksum_ipv6": "off [fixed]", 
                "tx_checksum_sctp": "on [fixed]", 
                "tx_checksumming": "on", 
                "tx_fcoe_segmentation": "off [fixed]", 
                "tx_gre_segmentation": "off [fixed]", 
                "tx_gso_robust": "off [fixed]", 
                "tx_ipip_segmentation": "off [fixed]", 
                "tx_lockless": "on [fixed]", 
                "tx_nocache_copy": "off [fixed]", 
                "tx_scatter_gather": "on [fixed]", 
                "tx_scatter_gather_fraglist": "on [fixed]", 
                "tx_sit_segmentation": "off [fixed]", 
                "tx_tcp6_segmentation": "on", 
                "tx_tcp_ecn_segmentation": "on", 
                "tx_tcp_segmentation": "on", 
                "tx_udp_tnl_segmentation": "off [fixed]", 
                "tx_vlan_offload": "off [fixed]", 
                "tx_vlan_stag_hw_insert": "off [fixed]", 
                "udp_fragmentation_offload": "on", 
                "vlan_challenged": "on [fixed]"
            }, 
            "hw_timestamp_filters": [], 
            "ipv4": {
                "address": "127.0.0.1", 
                "broadcast": "host", 
                "netmask": "255.0.0.0", 
                "network": "127.0.0.0"
            }, 
            "ipv6": [
                {
                    "address": "::1", 
                    "prefix": "128", 
                    "scope": "host"
                }
            ], 
            "mtu": 65536, 
            "promisc": false, 
            "timestamping": [
                "rx_software", 
                "software"
            ], 
            "type": "loopback"
        }, 
        "ansible_local": {}, 
        "ansible_lsb": {
            "codename": "xenial", 
            "description": "Ubuntu 16.04.6 LTS", 
            "id": "Ubuntu", 
            "major_release": "16", 
            "release": "16.04"
        }, 
        "ansible_machine": "i686", 
        "ansible_machine_id": "75a728635e3d6fca3f3178d35cf78d3b", 
        "ansible_memfree_mb": 842, 
        "ansible_memory_mb": {
            "nocache": {
                "free": 948, 
                "used": 51
            }, 
            "real": {
                "free": 842, 
                "total": 999, 
                "used": 157
            }, 
            "swap": {
                "cached": 0, 
                "free": 979, 
                "total": 979, 
                "used": 0
            }
        }, 
        "ansible_memtotal_mb": 999, 
        "ansible_mounts": [
            {
                "block_available": 147885, 
                "block_size": 4096, 
                "block_total": 184188, 
                "block_used": 36303, 
                "device": "/dev/sda1", 
                "fstype": "ext2", 
                "inode_available": 46540, 
                "inode_total": 46848, 
                "inode_used": 308, 
                "mount": "/boot", 
                "options": "rw,relatime,block_validity,barrier,user_xattr,acl", 
                "size_available": 605736960, 
                "size_total": 754434048, 
                "uuid": "f55d9179-ca89-4d8b-88a7-1fed78361a2c"
            }, 
            {
                "block_available": 1594908, 
                "block_size": 4096, 
                "block_total": 2115121, 
                "block_used": 520213, 
                "device": "/dev/mapper/host1--vg-root", 
                "fstype": "ext4", 
                "inode_available": 446629, 
                "inode_total": 545648, 
                "inode_used": 99019, 
                "mount": "/", 
                "options": "rw,relatime,errors=remount-ro,data=ordered", 
                "size_available": 6532743168, 
                "size_total": 8663535616, 
                "uuid": "c348a38f-0b18-4443-a6ff-5b963b8d60ed"
            }
        ], 
        "ansible_nodename": "host1", 
        "ansible_os_family": "Debian", 
        "ansible_pkg_mgr": "apt", 
        "ansible_proc_cmdline": {
            "BOOT_IMAGE": "/vmlinuz-4.4.0-150-generic", 
            "ro": true, 
            "root": "/dev/mapper/host1--vg-root"
        }, 
        "ansible_processor": [
            "0", 
            "AuthenticAMD", 
            "AMD Ryzen 7 PRO 2700U w/ Radeon Vega Mobile Gfx"
        ], 
        "ansible_processor_cores": 1, 
        "ansible_processor_count": 1, 
        "ansible_processor_threads_per_core": 1, 
        "ansible_processor_vcpus": 1, 
        "ansible_product_name": "VirtualBox", 
        "ansible_product_serial": "NA", 
        "ansible_product_uuid": "NA", 
        "ansible_product_version": "1.2", 
        "ansible_python": {
            "executable": "/usr/bin/python3", 
            "has_sslcontext": true, 
            "type": "cpython", 
            "version": {
                "major": 3, 
                "micro": 2, 
                "minor": 5, 
                "releaselevel": "final", 
                "serial": 0
            }, 
            "version_info": [
                3, 
                5, 
                2, 
                "final", 
                0
            ]
        }, 
        "ansible_python_version": "3.5.2", 
        "ansible_real_group_id": 1000, 
        "ansible_real_user_id": 1000, 
        "ansible_selinux": {
            "status": "Missing selinux Python library"
        }, 
        "ansible_selinux_python_present": false, 
        "ansible_service_mgr": "systemd", 
        "ansible_ssh_host_key_dsa_public": "AAAAB3NzaC1kc3MAAACBALayL0Q6BJX/Uu2QZkJcHizDgaAjOfFo1ISnkV9qaCMozQIP7yg9cJJfuVOOgH5ymGSkrgaWwKlI4q6oIUZSQmBZxKgctWBvZPtOpzfWU88RLdyGEb8v+tGjQFp4e21UB7Y9c3gi2hEnGWEAIvmDhZ9TFBSrWJx1jdT6sADxXMmhAAAAFQCPIhrx4atLIOAcmxK0PgGjLEtV0QAAAIAwxd8gCZDPJHWm1tCMYUgY22nXi3UkUZHZ0v0j1Spfs9UNBQme1dKfwINfOWpzATVJNASCHKjg0Fkz9wZuOwW2fY2gXvqBGaEYIgd+h9LS9P5Uig2GnBEc0YiNVds3CmMGK2qovGyhQVZIKUlWo2ICKs5CCt4+GULMLMXxZxzdpAAAAIEAosmrfMJR5BHNVQ33oLy9Y9xN3AEkAVDuiVE8jQDH9jxetF0vPMCd60UfWPx83fJN5eix/0GPFLVKHRWPF5I2EvDaFYg8SwT6UuN1kmMtM3nb1+tnoJuY4ZOEKIBLUvorP3XcYuhK6x3m3iQ7qwxwz97s3rCHYHwOKZ0rvkp3j1g=", 
        "ansible_ssh_host_key_ecdsa_public": "AAAAE2VjZHNhLXNoYTItbmlzdHAyNTYAAAAIbmlzdHAyNTYAAABBBCR6jzVRO8fbbyFWrLSFcOlC7qAeHGhJEtYQF1iV63RHkY3oD6efK3vGdpOz9Y4h9XZAFXHxwYJYCAvq/jxzhNo=", 
        "ansible_ssh_host_key_ed25519_public": "AAAAC3NzaC1lZDI1NTE5AAAAIKDp3377GBJ52tHrj3XzWA237PDGK1ir1v4aZfaDMhni", 
        "ansible_ssh_host_key_rsa_public": "AAAAB3NzaC1yc2EAAAADAQABAAABAQCT3ndtWAbRgIdK15NbZbEvyeJpmY6qXBBgl6AiVhrOD1PcFhAzH4Djzgqjg9T14YigWcWLIdjWam9gwZEFaFfx3vGWgMvsNRoyUFCHrObvccdRP0YrzQIj+Fx+3zMOyyHeR5W2O44/Im+48pXKny4zumoZdTQKS3KXl277ZCRdgqa0wUMdCgk/FtqFE7wElruDWi+YB7nLwLArmbO8gPdyVkj6W/2wmgKqRY1qdjMkIhylvH6Bq6VpJeoU6eulKAdcPTVW5yQb4075U+8TOamIKvFr14OchSs673rDhyU4GaqsAEsfdv9E0moFNvS9bpbSqY/8wM/Vqg1gJlGC8aTp", 
        "ansible_swapfree_mb": 979, 
        "ansible_swaptotal_mb": 979, 
        "ansible_system": "Linux", 
        "ansible_system_capabilities": [
            ""
        ], 
        "ansible_system_capabilities_enforced": "True", 
        "ansible_system_vendor": "innotek GmbH", 
        "ansible_uptime_seconds": 1654, 
        "ansible_user_dir": "/home/midu", 
        "ansible_user_gecos": "midu,,,", 
        "ansible_user_gid": 1000, 
        "ansible_user_id": "midu", 
        "ansible_user_shell": "/bin/bash", 
        "ansible_user_uid": 1000, 
        "ansible_userspace_architecture": "i386", 
        "ansible_userspace_bits": "32", 
        "ansible_virtualization_role": "guest", 
        "ansible_virtualization_type": "virtualbox", 
        "discovered_interpreter_python": "/usr/bin/python3", 
        "gather_subset": [
            "all"
        ], 
        "module_setup": true
    }, 
    "changed": false
}
