
PLAY [all] *****************************************************************************************

TASK [Gathering Facts] *****************************************************************************
fatal: [host1]: UNREACHABLE! => {"changed": false, "msg": "Failed to connect to the host via ssh: ssh: Could not resolve hostname host1: Temporary failure in name resolution", "unreachable": true}
ok: [host]

TASK [get hostname] ********************************************************************************
ok: [host]

TASK [get uptime] **********************************************************************************
ok: [host]

TASK [debug] ***************************************************************************************
ok: [host] => (item=hostname.stdout) => {
    "ansible_loop_var": "item", 
    "hostname.stdout": "host1", 
    "item": "hostname.stdout"
}
ok: [host] => (item=uptime.stdout) => {
    "ansible_loop_var": "item", 
    "item": "uptime.stdout", 
    "uptime.stdout": "27 min"
}

PLAY RECAP *****************************************************************************************
host                       : ok=4    changed=0    unreachable=0    failed=0    skipped=0    rescued=0    ignored=0   
host1                      : ok=0    changed=0    unreachable=1    failed=0    skipped=0    rescued=0    ignored=0   

